<?xml version="1.0" encoding="UTF-8"?>
<!-- Generated by org.testng.reporters.JUnitXMLReporter -->
<testsuite ignored="0" hostname="Maddy.local" failures="0" tests="3" name="Default test" time="18.627" errors="0" timestamp="04 Feb 2018 20:09:22 GMT">
  <testcase classname="com.freecrm.tests.LoginPageTest" name="titleTest" time="0.058"/>
  <testcase classname="com.freecrm.tests.LoginPageTest" name="logoTest" time="0.055"/>
  <testcase classname="com.freecrm.tests.LoginPageTest" name="loginTest" time="4.955"/>
</testsuite> <!-- Default test -->
