<?xml version="1.0" encoding="UTF-8"?>
<!-- Generated by org.testng.reporters.JUnitXMLReporter -->
<testsuite ignored="0" hostname="Maddy.local" failures="0" tests="6" name="FreeCRM Test Cases" time="45.982" errors="0" timestamp="04 Feb 2018 07:10:52 GMT">
  <testcase classname="com.freecrm.tests.ContactsPageTest" name="verifyContactsLabel" time="0.04"/>
  <testcase classname="com.freecrm.tests.LoginPageTest" name="titleTest" time="0.008"/>
  <testcase classname="com.freecrm.tests.HomePageTest" name="logoTest" time="0.08"/>
  <testcase classname="com.freecrm.tests.LoginPageTest" name="logoTest" time="0.043"/>
  <testcase classname="com.freecrm.tests.HomePageTest" name="verifyContactLinkTest" time="0.691"/>
  <testcase classname="com.freecrm.tests.LoginPageTest" name="loginTest" time="2.165"/>
</testsuite> <!-- FreeCRM Test Cases -->
