<?xml version="1.0" encoding="UTF-8"?>
<!-- Generated by org.testng.reporters.JUnitXMLReporter -->
<testsuite ignored="0" hostname="Maddy.local" failures="1" tests="4" name="FreeCRM Test Cases" time="19.02" errors="0" timestamp="11 Feb 2018 20:30:57 GMT">
  <testcase classname="com.freecrm.tests.LoginPageTest" name="titleTest" time="0.078">
    <skipped/>
  </testcase> <!-- titleTest -->
  <testcase classname="com.freecrm.tests.LoginPageTest" name="titleTest" time="0.019">
    <skipped/>
  </testcase> <!-- titleTest -->
  <testcase classname="com.freecrm.tests.LoginPageTest" name="titleTest" time="0.017">
    <skipped/>
  </testcase> <!-- titleTest -->
  <testcase classname="com.freecrm.tests.LoginPageTest" name="titleTest" time="0.021">
    <failure type="java.lang.AssertionError" message="Web Page Title Not Mached expected [#1 Free CRM for Any Business: Online Customer Relationship Software]] but found [#1 Free CRM for Any Business: Online Customer Relationship Software]">
      <![CDATA[java.lang.AssertionError: Web Page Title Not Mached expected [#1 Free CRM for Any Business: Online Customer Relationship Software]] but found [#1 Free CRM for Any Business: Online Customer Relationship Software]
	at com.freecrm.tests.LoginPageTest.titleTest(LoginPageTest.java:41)
... Removed 30 stack frames]]>
    </failure>
  </testcase> <!-- titleTest -->
</testsuite> <!-- FreeCRM Test Cases -->
