<?xml version="1.0" encoding="UTF-8"?>
<testng-results ignored="0" total="1" passed="1" failed="0" skipped="0">
  <reporter-output>
  </reporter-output>
  <suite started-at="2018-02-12T01:09:43Z" name="Default suite" finished-at="2018-02-12T01:10:02Z" duration-ms="19260">
    <groups>
    </groups>
    <test started-at="2018-02-12T01:09:43Z" name="Default test" finished-at="2018-02-12T01:10:02Z" duration-ms="19260">
      <class name="com.freecrm.tests.LoginPageTest">
        <test-method is-config="true" signature="setUp()[pri:0, instance:com.freecrm.tests.LoginPageTest@29215f06]" started-at="2018-02-11T19:09:43Z" name="setUp" finished-at="2018-02-11T19:09:48Z" duration-ms="4813" status="PASS">
          <reporter-output>
          </reporter-output>
        </test-method> <!-- setUp -->
        <test-method signature="loginTest()[pri:3, instance:com.freecrm.tests.LoginPageTest@29215f06]" started-at="2018-02-11T19:09:48Z" name="loginTest" finished-at="2018-02-11T19:10:02Z" duration-ms="14226" status="PASS">
          <reporter-output>
          </reporter-output>
        </test-method> <!-- loginTest -->
        <test-method is-config="true" signature="tearDown()[pri:0, instance:com.freecrm.tests.LoginPageTest@29215f06]" started-at="2018-02-11T19:10:02Z" name="tearDown" finished-at="2018-02-11T19:10:02Z" duration-ms="203" status="PASS">
          <reporter-output>
          </reporter-output>
        </test-method> <!-- tearDown -->
      </class> <!-- com.freecrm.tests.LoginPageTest -->
    </test> <!-- Default test -->
  </suite> <!-- Default suite -->
</testng-results>
