<?xml version="1.0" encoding="UTF-8"?>
<testng-results ignored="0" total="3" passed="3" failed="0" skipped="0">
  <reporter-output>
  </reporter-output>
  <suite started-at="2018-02-04T20:09:03Z" name="Default suite" finished-at="2018-02-04T20:09:21Z" duration-ms="18627">
    <groups>
    </groups>
    <test started-at="2018-02-04T20:09:03Z" name="Default test" finished-at="2018-02-04T20:09:21Z" duration-ms="18627">
      <class name="com.freecrm.tests.LoginPageTest">
        <test-method is-config="true" signature="setUp()[pri:0, instance:com.freecrm.tests.LoginPageTest@2e377400]" started-at="2018-02-04T14:09:03Z" name="setUp" finished-at="2018-02-04T14:09:08Z" duration-ms="5298" status="PASS">
          <reporter-output>
          </reporter-output>
        </test-method> <!-- setUp -->
        <test-method signature="titleTest()[pri:1, instance:com.freecrm.tests.LoginPageTest@2e377400]" started-at="2018-02-04T14:09:08Z" name="titleTest" finished-at="2018-02-04T14:09:08Z" duration-ms="58" status="PASS">
          <reporter-output>
          </reporter-output>
        </test-method> <!-- titleTest -->
        <test-method is-config="true" signature="tearDown()[pri:0, instance:com.freecrm.tests.LoginPageTest@2e377400]" started-at="2018-02-04T14:09:08Z" name="tearDown" finished-at="2018-02-04T14:09:08Z" duration-ms="150" status="PASS">
          <reporter-output>
          </reporter-output>
        </test-method> <!-- tearDown -->
        <test-method is-config="true" signature="setUp()[pri:0, instance:com.freecrm.tests.LoginPageTest@2e377400]" started-at="2018-02-04T14:09:08Z" name="setUp" finished-at="2018-02-04T14:09:12Z" duration-ms="3565" status="PASS">
          <reporter-output>
          </reporter-output>
        </test-method> <!-- setUp -->
        <test-method signature="logoTest()[pri:2, instance:com.freecrm.tests.LoginPageTest@2e377400]" started-at="2018-02-04T14:09:12Z" name="logoTest" finished-at="2018-02-04T14:09:12Z" duration-ms="55" status="PASS">
          <reporter-output>
          </reporter-output>
        </test-method> <!-- logoTest -->
        <test-method is-config="true" signature="tearDown()[pri:0, instance:com.freecrm.tests.LoginPageTest@2e377400]" started-at="2018-02-04T14:09:12Z" name="tearDown" finished-at="2018-02-04T14:09:12Z" duration-ms="166" status="PASS">
          <reporter-output>
          </reporter-output>
        </test-method> <!-- tearDown -->
        <test-method is-config="true" signature="setUp()[pri:0, instance:com.freecrm.tests.LoginPageTest@2e377400]" started-at="2018-02-04T14:09:12Z" name="setUp" finished-at="2018-02-04T14:09:16Z" duration-ms="3625" status="PASS">
          <reporter-output>
          </reporter-output>
        </test-method> <!-- setUp -->
        <test-method signature="loginTest()[pri:3, instance:com.freecrm.tests.LoginPageTest@2e377400]" started-at="2018-02-04T14:09:16Z" name="loginTest" finished-at="2018-02-04T14:09:21Z" duration-ms="4955" status="PASS">
          <reporter-output>
          </reporter-output>
        </test-method> <!-- loginTest -->
        <test-method is-config="true" signature="tearDown()[pri:0, instance:com.freecrm.tests.LoginPageTest@2e377400]" started-at="2018-02-04T14:09:21Z" name="tearDown" finished-at="2018-02-04T14:09:21Z" duration-ms="709" status="PASS">
          <reporter-output>
          </reporter-output>
        </test-method> <!-- tearDown -->
      </class> <!-- com.freecrm.tests.LoginPageTest -->
    </test> <!-- Default test -->
  </suite> <!-- Default suite -->
</testng-results>
